8/15/2025 6:20:31 PM Info Project 'Automated OOBE' created successfully and added to workspace
8/15/2025 6:20:40 PM Info Navigating to URI https://docs.microsoft.com/windows/configuration/wcd/wcd-oobe#desktop
8/15/2025 6:20:42 PM Info Navigating to URI https://docs.microsoft.com/windows/configuration/wcd/wcd-oobe#desktop
8/15/2025 6:20:43 PM Info Navigating to URI https://docs.microsoft.com/windows/configuration/wcd/wcd-oobe#desktop
8/15/2025 6:20:43 PM Info Navigating to URI https://docs.microsoft.com/windows/configuration/wcd/wcd-oobe#desktop
8/15/2025 6:20:43 PM Info Navigating to URI https://docs.microsoft.com/windows/configuration/wcd/wcd-oobe#desktop
8/15/2025 6:21:05 PM Info Navigating to URI https://docs.microsoft.com/windows/configuration/wcd/wcd-oobe
8/15/2025 6:22:16 PM Info Navigating to URI https://docs.microsoft.com/windows/configuration/wcd/wcd-oobe#desktop
8/15/2025 6:22:18 PM Info Navigating to URI https://docs.microsoft.com/windows/configuration/wcd/wcd-oobe
8/15/2025 6:22:21 PM Info Navigating to URI https://docs.microsoft.com/windows/configuration/wcd/wcd-start
8/15/2025 6:22:28 PM Info Navigating to URI https://docs.microsoft.com/windows/configuration/wcd/wcd-time
8/15/2025 6:22:32 PM Info Navigating to URI https://docs.microsoft.com/windows/configuration/wcd/wcd-policies
8/15/2025 6:22:35 PM Info Navigating to URI https://docs.microsoft.com/windows/configuration/wcd/wcd-privacy
8/15/2025 6:22:38 PM Info Navigating to URI https://docs.microsoft.com/windows/configuration/wcd/wcd-policies
8/15/2025 6:22:49 PM Info Navigating to URI https://docs.microsoft.com/windows/configuration/wcd/wcd-personalization
8/15/2025 6:22:56 PM Info Navigating to URI https://docs.microsoft.com/windows/configuration/wcd/wcd-folders
8/15/2025 6:23:10 PM Info Navigating to URI https://docs.microsoft.com/windows/configuration/wcd/wcd-folders
8/15/2025 6:23:12 PM Info Navigating to URI https://docs.microsoft.com/windows/configuration/wcd/wcd-deviceformfactor
8/15/2025 6:23:14 PM Info Navigating to URI https://docs.microsoft.com/windows/configuration/wcd/wcd-devdetail
8/15/2025 6:23:16 PM Info Navigating to URI https://docs.microsoft.com/windows/configuration/wcd/wcd-cleanpc
8/15/2025 6:23:23 PM Info Navigating to URI https://docs.microsoft.com/windows/configuration/wcd/wcd-devicemanagement
8/15/2025 6:23:29 PM Info Navigating to URI https://docs.microsoft.com/windows/configuration/wcd/wcd-devicemanagement#accounts
8/15/2025 6:23:44 PM Info Navigating to URI https://docs.microsoft.com/windows/configuration/wcd/wcd-devicemanagement
8/15/2025 6:23:50 PM Info Navigating to URI https://docs.microsoft.com/windows/configuration/wcd/wcd-provisioningcommands
8/15/2025 6:23:57 PM Info Navigating to URI https://docs.microsoft.com/windows/configuration/wcd/wcd-provisioningcommands#devicecontext
8/15/2025 6:26:11 PM Info Navigating to URI https://docs.microsoft.com/windows/configuration/wcd/wcd-provisioningcommands#primarycontext
8/15/2025 6:26:16 PM Info Navigating to URI https://docs.microsoft.com/windows/configuration/wcd/wcd-provisioningcommands#primarycontext
8/15/2025 6:26:18 PM Info Navigating to URI https://docs.microsoft.com/windows/configuration/wcd/wcd-provisioningcommands#primarycontext
8/15/2025 6:31:46 PM Info Navigating to URI https://docs.microsoft.com/windows/configuration/wcd/wcd-oobe
8/15/2025 6:31:47 PM Info Navigating to URI https://docs.microsoft.com/windows/configuration/wcd/wcd-oobe#desktop
8/15/2025 6:31:53 PM Info Navigating to URI https://docs.microsoft.com/windows/configuration/wcd/wcd-provisioningcommands#primarycontext
8/15/2025 6:32:05 PM Info Start Provisioning package Build for Project: Automated OOBE
8/15/2025 6:32:27 PM Info Exporting customizations as a Provisioning Package to 'C:\Users\sufan\AppData\Local\Temp\ICD_20250815-183227-609_20392.14_501758534.1'
8/15/2025 6:32:27 PM Info Adding runtime settings to Provisioning Package
8/15/2025 6:32:27 PM Info CreateTempDirectory: Create directory: C:\Users\sufan\AppData\Local\Temp\ICD_20250815-183227-681_20392.14_2110250670.2
8/15/2025 6:32:27 PM Info provxml writer, path = C:\Users\sufan\AppData\Local\Temp\ICD_20250815-183227-681_20392.14_2110250670.2\Prov\RunTime\0__OOBE_Desktop_HideOobe.provxml
8/15/2025 6:32:27 PM Info provxml writer, path = C:\Users\sufan\AppData\Local\Temp\ICD_20250815-183227-681_20392.14_2110250670.2\Prov\RunTime\1__ProvisioningCommands_PrimaryContext_Command_0_CommandLine.provxml
8/15/2025 6:32:27 PM Info Adding deployment settings to Provisioning Package
8/15/2025 6:32:27 PM Info Adding file assets to Provisioning Package
8/15/2025 6:32:27 PM Info CopyFile: Source path: C:\Users\sufan\AppData\Local\Temp\ICD_20250815-183227-894_20392.14_1780406325.cat, Target path: C:\Users\sufan\OneDrive\Documents\Windows Imaging and Configuration Designer (WICD)\Automated OOBE\Automated OOBE.cat
8/15/2025 6:32:27 PM Info CopyFile: Source path: C:\Users\sufan\AppData\Local\Temp\ICD_20250815-183227-609_20392.14_501758534.1, Target path: C:\Users\sufan\OneDrive\Documents\Windows Imaging and Configuration Designer (WICD)\Automated OOBE\Automated OOBE.ppkg
8/15/2025 6:32:27 PM Info DeleteFile: File '' does not exist
8/15/2025 6:32:27 PM Info DeleteFile: File 'C:\Users\sufan\AppData\Local\Temp\ICD_20250815-183227-609_20392.14_501758534.1' does not exist
8/15/2025 6:32:28 PM Info Media Creation Build Success page
8/15/2025 6:32:29 PM Info Build workflow finished.
